=== Inupt dump:
ideco
=== Lattice dump:
0: 5 5 (null)(0) 0 0 0: 5943 12576 13568 13993 16510 14356 17714 20190 19819 22178 23399 3847 3848 14020 15770 14881 17625 17447 11999 9377 15031 17507 17136 19495 20716 26320 26320 26320 26320 16980 18318 19429 21489 20800
1: 0 5 iDeCo(794741) 5139 5139 5000: 893
2: 0 5 ideco(0) 5139 5139 11633: 893
3: 0 5 ideco(0) 4785 4785 13620: 234
4: 0 5 ideco(0) 4787 4787 14228: 709
5: 0 5 ideco(0) 4791 4791 15793: 506
6: 0 5 ideco(0) 5687 5687 15246: -640
7: 1 5 deco(0) 5139 5139 11633: 6031 22015 22015 22015 22015
8: 1 5 deco(0) 4785 4785 13620: 6856 22033 22033 22033 22033
9: 1 5 deco(0) 4787 4787 14228: 6535 22321 22321 22321 22321
10: 1 5 deco(0) 4791 4791 15793: 6174 22036 22036 22036 22036
11: 1 5 deco(0) 5687 5687 15246: 8403 19612 19612 19612 19612
12: 2 5 ECO(1418) 5131 5131 2916: 2166 28280 28280 28280 28280
13: 2 5 eco(5431) 5131 5131 2917: 2166 28280 28280 28280 28280
14: 2 5 eco(0) 5139 5139 11633: 2337 28944 28944 28944 28944
15: 2 5 eco(0) 4785 4785 13620: 2436 28962 28962 28962 28962
16: 2 5 eco(0) 4787 4787 14228: 1597 29250 29250 29250 29250
17: 2 5 eco(0) 4791 4791 15793: 1621 28965 28965 28965 28965
18: 2 5 eco(0) 5687 5687 15246: 2451 26541 26541 26541 26541
19: 3 5 CO(912) 5147 5147 5927: 6608 13664 12970 27578 27578 27578 27578
20: 3 5 Co(1099) 5147 5147 3305: 6608 13664 12970 27578 27578 27578 27578
21: 3 5 co(0) 5139 5139 11633: 3348 10404 9710 25429 25429 25429 25429
22: 3 5 co(0) 4785 4785 13620: 4173 11229 10535 25447 25447 25447 25447
23: 3 5 co(0) 4787 4787 14228: 3852 10908 10214 25735 25735 25735 25735
24: 3 5 co(0) 4791 4791 15793: 3491 10547 9853 25450 25450 25450 25450
25: 3 5 co(0) 5687 5687 15246: 5720 12776 12082 23026 23026 23026 23026
26: 4 5 O(3412) 5978 5978 20000: 5935 14367 12557 8922 22695 22695 22695 22695
27: 4 5 O(3413) 5978 5978 20000: 5935 14367 12557 8922 22695 22695 22695 22695
28: 4 5 o(5785) 5978 5978 20000: 5935 14367 12557 8922 22695 22695 22695 22695
29: 4 5 o(5786) 5978 5978 20000: 5935 14367 12557 8922 22695 22695 22695 22695
30: 4 5 o(0) 5139 5139 11633: 5297 12873 11919 7428 26261 26261 26261 26261
31: 4 5 o(0) 4785 4785 13620: 4984 12972 11606 7527 26279 26279 26279 26279
32: 4 5 o(0) 4787 4787 14228: 6145 12133 12767 6688 26567 26567 26567 26567
33: 4 5 o(0) 4791 4791 15793: 5485 12157 12107 6712 26282 26282 26282 26282
34: 4 5 o(0) 5687 5687 15246: 5804 12987 12426 7542 23858 23858 23858 23858
35: 0 4 IDEC(774858) 4785 4785 5000: 234
36: 1 4 DEC(1212) 5147 5147 3021: 9291 24164 24164 24164 24164
37: 1 4 DEC(771686) 4785 4785 5000: 6856 22033 22033 22033 22033
38: 2 4 EC(1408) 5147 5147 2483: 4384 31093 31093 31093 31093
39: 3 4 C(756) 5978 5978 20000: 4663 11719 11025 21863 21863 21863 21863
40: 3 4 C(757) 5978 5978 20000: 4663 11719 11025 21863 21863 21863 21863
41: 3 4 c(5279) 5978 5978 20000: 4663 11719 11025 21863 21863 21863 21863
42: 3 4 c(5280) 5978 5978 20000: 4663 11719 11025 21863 21863 21863 21863
43: 0 3 IDE(2208) 5144 5144 2851: 1513
44: 1 3 DE(1210) 5144 5144 3626: 7794 21503 21503 21503 21503
45: 1 3 de(5368) 5144 5144 2932: 7794 21503 21503 21503 21503
46: 2 3 E(1398) 5978 5978 20000: 3831 25378 25378 25378 25378
47: 2 3 E(1399) 5978 5978 20000: 3831 25378 25378 25378 25378
48: 2 3 e(5425) 5978 5978 20000: 3831 25378 25378 25378 25378
49: 2 3 e(5426) 5978 5978 20000: 3831 25378 25378 25378 25378
50: 0 2 ID(2203) 5147 5147 1058: 718
51: 1 2 D(1181) 5978 5978 20000: 7346 18449 18449 18449 18449
52: 1 2 D(1182) 5978 5978 20000: 7346 18449 18449 18449 18449
53: 1 2 d(5357) 5978 5978 20000: 7346 18449 18449 18449 18449
54: 1 2 d(5358) 5978 5978 20000: 7346 18449 18449 18449 18449
55: 0 1 I(2152) 5144 5144 5534: 1513
56: 0 1 I(2153) 5978 5978 20000: 417
57: 0 1 I(2154) 5978 5978 20000: 417
58: 0 1 i(5566) 5978 5978 20000: 417
59: 0 1 i(5567) 5978 5978 20000: 417
60: 0 0 (null)(0) 0 0 0: 0
=== Before Rewriting:
0: 0 2 ID(2203) 5147 5147 1058￿
1: 2 5 ECO(1418) 5131 5131 2916￿
=== After Rewriting:
0: 0 2 ID(2203) 5147 5147 1058￿
1: 2 5 ECO(1418) 5131 5131 2916￿
===
id	名詞,普通名詞,一般,*,*,*	ID
eco	名詞,普通名詞,サ変可能,*,*,*	エコ
EOS
